[2023-05-05 10:40:08Z INFO HostContext] No proxy settings were found based on environmental variables (http_proxy/https_proxy/HTTP_PROXY/HTTPS_PROXY)
[2023-05-05 10:40:08Z INFO HostContext] Well known directory 'Bin': '/Users/nguyenthanhthuc/CI_CD_Template/RunnerConfig/actions-runner/bin'
[2023-05-05 10:40:08Z INFO HostContext] Well known directory 'Root': '/Users/nguyenthanhthuc/CI_CD_Template/RunnerConfig/actions-runner'
[2023-05-05 10:40:08Z INFO HostContext] Well known config file 'Credentials': '/Users/nguyenthanhthuc/CI_CD_Template/RunnerConfig/actions-runner/.credentials'
[2023-05-05 10:40:08Z INFO HostContext] Well known directory 'Bin': '/Users/nguyenthanhthuc/CI_CD_Template/RunnerConfig/actions-runner/bin'
[2023-05-05 10:40:08Z INFO HostContext] Well known directory 'Root': '/Users/nguyenthanhthuc/CI_CD_Template/RunnerConfig/actions-runner'
[2023-05-05 10:40:08Z INFO HostContext] Well known config file 'Runner': '/Users/nguyenthanhthuc/CI_CD_Template/RunnerConfig/actions-runner/.runner'
[2023-05-05 10:40:08Z INFO Listener] Runner is built for OSX (X64) - osx-x64.
[2023-05-05 10:40:08Z INFO Listener] RuntimeInformation: Darwin 22.4.0 Darwin Kernel Version 22.4.0: Mon Mar  6 21:00:17 PST 2023; root:xnu-8796.101.5~3/RELEASE_X86_64.
[2023-05-05 10:40:08Z INFO Listener] Version: 2.304.0
[2023-05-05 10:40:08Z INFO Listener] Commit: 9ef4121b5b31ee5c03b7770288213d741081f747
[2023-05-05 10:40:08Z INFO Listener] Culture: en-VN
[2023-05-05 10:40:08Z INFO Listener] UI Culture: en-VN
[2023-05-05 10:40:08Z INFO HostContext] Well known directory 'Bin': '/Users/nguyenthanhthuc/CI_CD_Template/RunnerConfig/actions-runner/bin'
[2023-05-05 10:40:08Z INFO HostContext] Well known directory 'Root': '/Users/nguyenthanhthuc/CI_CD_Template/RunnerConfig/actions-runner'
[2023-05-05 10:40:08Z INFO Listener] Validating directory permissions for: '/Users/nguyenthanhthuc/CI_CD_Template/RunnerConfig/actions-runner'
[2023-05-05 10:40:08Z INFO CommandLineParser] Parse
[2023-05-05 10:40:08Z INFO CommandLineParser] Parsing 5 args
[2023-05-05 10:40:08Z INFO CommandLineParser] parsing argument
[2023-05-05 10:40:08Z INFO CommandLineParser] HasArgs: False
[2023-05-05 10:40:08Z INFO CommandLineParser] Adding Command: configure
[2023-05-05 10:40:08Z INFO CommandLineParser] parsing argument
[2023-05-05 10:40:08Z INFO CommandLineParser] HasArgs: True
[2023-05-05 10:40:08Z INFO CommandLineParser] arg: url
[2023-05-05 10:40:08Z INFO CommandLineParser] parsing argument
[2023-05-05 10:40:08Z INFO CommandLineParser] HasArgs: True
[2023-05-05 10:40:08Z INFO CommandLineParser] Adding option 'url': 'https://github.com/thanhthuc/CI_CD_Template'
[2023-05-05 10:40:08Z INFO CommandLineParser] parsing argument
[2023-05-05 10:40:08Z INFO CommandLineParser] HasArgs: True
[2023-05-05 10:40:08Z INFO CommandLineParser] arg: token
[2023-05-05 10:40:08Z INFO CommandLineParser] parsing argument
[2023-05-05 10:40:08Z INFO CommandLineParser] HasArgs: True
[2023-05-05 10:40:08Z INFO CommandLineParser] Adding option 'token': '***'
[2023-05-05 10:40:08Z INFO Listener] Arguments parsed
[2023-05-05 10:40:08Z INFO Runner] ExecuteCommand
[2023-05-05 10:40:08Z INFO ConfigurationStore] currentAssemblyLocation: /Users/nguyenthanhthuc/CI_CD_Template/RunnerConfig/actions-runner/bin/Runner.Listener.dll
[2023-05-05 10:40:08Z INFO HostContext] Well known directory 'Bin': '/Users/nguyenthanhthuc/CI_CD_Template/RunnerConfig/actions-runner/bin'
[2023-05-05 10:40:08Z INFO ConfigurationStore] binPath: /Users/nguyenthanhthuc/CI_CD_Template/RunnerConfig/actions-runner/bin
[2023-05-05 10:40:08Z INFO HostContext] Well known directory 'Bin': '/Users/nguyenthanhthuc/CI_CD_Template/RunnerConfig/actions-runner/bin'
[2023-05-05 10:40:08Z INFO HostContext] Well known directory 'Root': '/Users/nguyenthanhthuc/CI_CD_Template/RunnerConfig/actions-runner'
[2023-05-05 10:40:08Z INFO ConfigurationStore] RootFolder: /Users/nguyenthanhthuc/CI_CD_Template/RunnerConfig/actions-runner
[2023-05-05 10:40:08Z INFO HostContext] Well known directory 'Bin': '/Users/nguyenthanhthuc/CI_CD_Template/RunnerConfig/actions-runner/bin'
[2023-05-05 10:40:08Z INFO HostContext] Well known directory 'Root': '/Users/nguyenthanhthuc/CI_CD_Template/RunnerConfig/actions-runner'
[2023-05-05 10:40:08Z INFO HostContext] Well known config file 'Runner': '/Users/nguyenthanhthuc/CI_CD_Template/RunnerConfig/actions-runner/.runner'
[2023-05-05 10:40:08Z INFO ConfigurationStore] ConfigFilePath: /Users/nguyenthanhthuc/CI_CD_Template/RunnerConfig/actions-runner/.runner
[2023-05-05 10:40:08Z INFO HostContext] Well known directory 'Bin': '/Users/nguyenthanhthuc/CI_CD_Template/RunnerConfig/actions-runner/bin'
[2023-05-05 10:40:08Z INFO HostContext] Well known directory 'Root': '/Users/nguyenthanhthuc/CI_CD_Template/RunnerConfig/actions-runner'
[2023-05-05 10:40:08Z INFO HostContext] Well known config file 'Credentials': '/Users/nguyenthanhthuc/CI_CD_Template/RunnerConfig/actions-runner/.credentials'
[2023-05-05 10:40:08Z INFO ConfigurationStore] CredFilePath: /Users/nguyenthanhthuc/CI_CD_Template/RunnerConfig/actions-runner/.credentials
[2023-05-05 10:40:08Z INFO HostContext] Well known directory 'Bin': '/Users/nguyenthanhthuc/CI_CD_Template/RunnerConfig/actions-runner/bin'
[2023-05-05 10:40:08Z INFO HostContext] Well known directory 'Root': '/Users/nguyenthanhthuc/CI_CD_Template/RunnerConfig/actions-runner'
[2023-05-05 10:40:08Z INFO HostContext] Well known config file 'MigratedCredentials': '/Users/nguyenthanhthuc/CI_CD_Template/RunnerConfig/actions-runner/.credentials_migrated'
[2023-05-05 10:40:08Z INFO ConfigurationStore] MigratedCredFilePath: /Users/nguyenthanhthuc/CI_CD_Template/RunnerConfig/actions-runner/.credentials_migrated
[2023-05-05 10:40:08Z INFO HostContext] Well known directory 'Bin': '/Users/nguyenthanhthuc/CI_CD_Template/RunnerConfig/actions-runner/bin'
[2023-05-05 10:40:08Z INFO HostContext] Well known directory 'Root': '/Users/nguyenthanhthuc/CI_CD_Template/RunnerConfig/actions-runner'
[2023-05-05 10:40:08Z INFO HostContext] Well known config file 'Service': '/Users/nguyenthanhthuc/CI_CD_Template/RunnerConfig/actions-runner/.service'
[2023-05-05 10:40:08Z INFO ConfigurationStore] ServiceConfigFilePath: /Users/nguyenthanhthuc/CI_CD_Template/RunnerConfig/actions-runner/.service
[2023-05-05 10:40:08Z INFO CommandSettings] Flag 'help': 'False'
[2023-05-05 10:40:08Z INFO CommandSettings] Flag 'version': 'False'
[2023-05-05 10:40:08Z INFO CommandSettings] Flag 'commit': 'False'
[2023-05-05 10:40:08Z INFO CommandSettings] Flag 'check': 'False'
[2023-05-05 10:40:08Z INFO CommandSettings] Command 'configure': 'True'
[2023-05-05 10:40:08Z INFO Terminal] WRITE LINE: 
[2023-05-05 10:40:08Z INFO Terminal] WRITE LINE: --------------------------------------------------------------------------------
[2023-05-05 10:40:08Z INFO Terminal] WRITE LINE: |        ____ _ _   _   _       _          _        _   _                      |
[2023-05-05 10:40:08Z INFO Terminal] WRITE LINE: |       / ___(_) |_| | | |_   _| |__      / \   ___| |_(_) ___  _ __  ___      |
[2023-05-05 10:40:08Z INFO Terminal] WRITE LINE: |      | |  _| | __| |_| | | | | '_ \    / _ \ / __| __| |/ _ \| '_ \/ __|     |
[2023-05-05 10:40:08Z INFO Terminal] WRITE LINE: |      | |_| | | |_|  _  | |_| | |_) |  / ___ \ (__| |_| | (_) | | | \__ \     |
[2023-05-05 10:40:08Z INFO Terminal] WRITE LINE: |       \____|_|\__|_| |_|\__,_|_.__/  /_/   \_\___|\__|_|\___/|_| |_|___/     |
[2023-05-05 10:40:08Z INFO Terminal] WRITE LINE: |                                                                              |
[2023-05-05 10:40:08Z INFO Terminal] WRITE: |                       
[2023-05-05 10:40:08Z INFO Terminal] WRITE: Self-hosted runner registration
[2023-05-05 10:40:08Z INFO Terminal] WRITE LINE:                         |
[2023-05-05 10:40:08Z INFO Terminal] WRITE LINE: |                                                                              |
[2023-05-05 10:40:08Z INFO Terminal] WRITE LINE: --------------------------------------------------------------------------------
[2023-05-05 10:40:08Z INFO ConfigurationManager] ConfigureAsync
[2023-05-05 10:40:08Z INFO CommandSettings] Flag 'generateServiceConfig': 'False'
[2023-05-05 10:40:08Z INFO ConfigurationStore] IsConfigured()
[2023-05-05 10:40:08Z INFO ConfigurationStore] IsConfigured: False
[2023-05-05 10:40:08Z INFO ConfigurationManager] Is configured: False
[2023-05-05 10:40:08Z INFO CommandSettings] Arg 'url': 'https://github.com/thanhthuc/CI_CD_Template'
[2023-05-05 10:40:08Z INFO CommandSettings] Remove url from Arg dictionary.
[2023-05-05 10:40:08Z INFO CommandSettings] Arg 'token': '***'
[2023-05-05 10:40:08Z INFO CommandSettings] Remove token from Arg dictionary.
[2023-05-05 10:40:09Z INFO ConfigurationManager] Http response code: OK from 'POST https://api.github.com/actions/runner-registration' (D25D:02CA:350CC7:36E891:6454DD08)
[2023-05-05 10:40:09Z INFO Terminal] WRITE LINE: Using V2 flow: False
[2023-05-05 10:40:09Z INFO ConfigurationManager] cred retrieved via GitHub auth
[2023-05-05 10:40:09Z INFO RunnerServer] EstablishVssConnection
[2023-05-05 10:40:09Z INFO RunnerServer] Establish connection with 100 seconds timeout.
[2023-05-05 10:40:09Z INFO GitHubActionsService] Starting operation Location.GetConnectionData
[2023-05-05 10:40:09Z INFO RunnerServer] EstablishVssConnection
[2023-05-05 10:40:09Z INFO RunnerServer] Establish connection with 60 seconds timeout.
[2023-05-05 10:40:09Z INFO GitHubActionsService] Starting operation Location.GetConnectionData
[2023-05-05 10:40:09Z INFO RunnerServer] EstablishVssConnection
[2023-05-05 10:40:09Z INFO RunnerServer] Establish connection with 60 seconds timeout.
[2023-05-05 10:40:09Z INFO GitHubActionsService] Starting operation Location.GetConnectionData
[2023-05-05 10:40:11Z INFO GitHubActionsService] Finished operation Location.GetConnectionData
[2023-05-05 10:40:11Z INFO GitHubActionsService] Finished operation Location.GetConnectionData
[2023-05-05 10:40:11Z INFO GitHubActionsService] Finished operation Location.GetConnectionData
[2023-05-05 10:40:11Z INFO Terminal] WRITE LINE: 
[2023-05-05 10:40:11Z INFO ConfigurationManager] Test Connection complete.
[2023-05-05 10:40:11Z INFO HostContext] Well known directory 'Bin': '/Users/nguyenthanhthuc/CI_CD_Template/RunnerConfig/actions-runner/bin'
[2023-05-05 10:40:11Z INFO HostContext] Well known directory 'Root': '/Users/nguyenthanhthuc/CI_CD_Template/RunnerConfig/actions-runner'
[2023-05-05 10:40:11Z INFO HostContext] Well known config file 'RSACredentials': '/Users/nguyenthanhthuc/CI_CD_Template/RunnerConfig/actions-runner/.credentials_rsaparams'
[2023-05-05 10:40:11Z INFO RSAFileKeyManager] Found existing RSA key parameters file /Users/nguyenthanhthuc/CI_CD_Template/RunnerConfig/actions-runner/.credentials_rsaparams
[2023-05-05 10:40:12Z INFO CommandSettings] Arg 'runnergroup': ''
[2023-05-05 10:40:12Z INFO CommandSettings] Flag 'unattended': 'False'
[2023-05-05 10:40:12Z INFO PromptManager] ReadValue
[2023-05-05 10:40:12Z INFO Terminal] WRITE: Enter the name of the runner group to add this runner to: 
[2023-05-05 10:40:12Z INFO Terminal] WRITE: [press Enter for Default] 
[2023-05-05 10:40:12Z INFO Terminal] READ LINE
[2023-05-05 10:40:16Z INFO Terminal] Read value: ''
[2023-05-05 10:40:16Z INFO PromptManager] Falling back to the default: 'Default'
[2023-05-05 10:40:16Z INFO Terminal] WRITE LINE: 
[2023-05-05 10:40:16Z INFO ConfigurationManager] Found a self-hosted runner group with id 1 and name Default
[2023-05-05 10:40:16Z INFO CommandSettings] Flag 'disableupdate': 'False'
[2023-05-05 10:40:16Z INFO CommandSettings] Flag 'ephemeral': 'False'
[2023-05-05 10:40:16Z INFO CommandSettings] Arg 'name': ''
[2023-05-05 10:40:16Z INFO CommandSettings] Flag 'unattended': 'False'
[2023-05-05 10:40:16Z INFO PromptManager] ReadValue
[2023-05-05 10:40:16Z INFO Terminal] WRITE: Enter the name of runner: 
[2023-05-05 10:40:16Z INFO Terminal] WRITE: [press Enter for Thuc-2] 
[2023-05-05 10:40:16Z INFO Terminal] READ LINE
[2023-05-05 10:40:25Z INFO Terminal] Read value: ''
[2023-05-05 10:40:25Z INFO PromptManager] Falling back to the default: 'Thuc-2'
[2023-05-05 10:40:25Z INFO Terminal] WRITE LINE: 
[2023-05-05 10:40:25Z INFO CommandSettings] Arg 'labels': ''
[2023-05-05 10:40:25Z INFO CommandSettings] Flag 'unattended': 'False'
[2023-05-05 10:40:25Z INFO PromptManager] ReadValue
[2023-05-05 10:40:25Z INFO Terminal] WRITE: This runner will have the following labels: 'self-hosted', 'macOS', 'X64' 
Enter any additional labels (ex. label-1,label-2): 
[2023-05-05 10:40:25Z INFO Terminal] WRITE: [press Enter to skip] 
[2023-05-05 10:40:25Z INFO Terminal] READ LINE
[2023-05-05 10:40:39Z INFO Terminal] Read value: ''
[2023-05-05 10:40:39Z INFO Terminal] WRITE LINE: 
[2023-05-05 10:40:40Z INFO CommandSettings] Flag 'disableupdate': 'False'
[2023-05-05 10:40:40Z INFO CommandSettings] Flag 'disableupdate': 'False'
[2023-05-05 10:40:40Z INFO CommandSettings] Flag 'ephemeral': 'False'
[2023-05-05 10:40:40Z INFO ConfigurationStore] Saving OAuth credential @ /Users/nguyenthanhthuc/CI_CD_Template/RunnerConfig/actions-runner/.credentials
[2023-05-05 10:40:40Z INFO ConfigurationStore] Credentials Saved.
[2023-05-05 10:40:40Z INFO ConfigurationStore] HasCredentials()
[2023-05-05 10:40:40Z INFO ConfigurationStore] stored True
[2023-05-05 10:40:40Z INFO CredentialManager] GetCredentialProvider
[2023-05-05 10:40:40Z INFO CredentialManager] Creating type OAuth
[2023-05-05 10:40:40Z INFO CredentialManager] Creating credential type: OAuth
[2023-05-05 10:40:40Z INFO RSAFileKeyManager] Loading RSA key parameters from file /Users/nguyenthanhthuc/CI_CD_Template/RunnerConfig/actions-runner/.credentials_rsaparams
[2023-05-05 10:40:40Z INFO RunnerServer] EstablishVssConnection
[2023-05-05 10:40:40Z INFO RunnerServer] Establish connection with 100 seconds timeout.
[2023-05-05 10:40:40Z INFO GitHubActionsService] Starting operation Location.GetConnectionData
[2023-05-05 10:40:40Z INFO RunnerServer] EstablishVssConnection
[2023-05-05 10:40:40Z INFO RunnerServer] Establish connection with 60 seconds timeout.
[2023-05-05 10:40:40Z INFO GitHubActionsService] Starting operation Location.GetConnectionData
[2023-05-05 10:40:40Z INFO RunnerServer] EstablishVssConnection
[2023-05-05 10:40:40Z INFO RunnerServer] Establish connection with 60 seconds timeout.
[2023-05-05 10:40:40Z INFO GitHubActionsService] Starting operation Location.GetConnectionData
[2023-05-05 10:40:41Z INFO GitHubActionsService] Finished operation Location.GetConnectionData
[2023-05-05 10:40:42Z INFO GitHubActionsService] Finished operation Location.GetConnectionData
[2023-05-05 10:40:42Z INFO GitHubActionsService] Finished operation Location.GetConnectionData
[2023-05-05 10:40:42Z INFO RSAFileKeyManager] Loading RSA key parameters from file /Users/nguyenthanhthuc/CI_CD_Template/RunnerConfig/actions-runner/.credentials_rsaparams
[2023-05-05 10:40:42Z INFO RSAFileKeyManager] Loading RSA key parameters from file /Users/nguyenthanhthuc/CI_CD_Template/RunnerConfig/actions-runner/.credentials_rsaparams
[2023-05-05 10:40:43Z INFO GitHubActionsService] AAD Correlation ID for this token request: Unknown
[2023-05-05 10:40:43Z INFO CommandSettings] Arg 'work': ''
[2023-05-05 10:40:43Z INFO CommandSettings] Flag 'unattended': 'False'
[2023-05-05 10:40:43Z INFO PromptManager] ReadValue
[2023-05-05 10:40:43Z INFO Terminal] WRITE: Enter name of work folder: 
[2023-05-05 10:40:43Z INFO Terminal] WRITE: [press Enter for _work] 
[2023-05-05 10:40:43Z INFO Terminal] READ LINE
[2023-05-05 10:41:08Z INFO Terminal] Read value: ''
[2023-05-05 10:41:08Z INFO PromptManager] Falling back to the default: '_work'
[2023-05-05 10:41:08Z INFO ConfigurationStore] Saving runner settings.
[2023-05-05 10:41:08Z INFO ConfigurationStore] Settings Saved.
[2023-05-05 10:41:08Z INFO Terminal] WRITE LINE: 
[2023-05-05 10:41:08Z INFO Terminal] WRITE LINE: 
[2023-05-05 10:41:08Z INFO OsxServiceControlManager] Service name 'actions.runner.thanhthuc-CI_CD_Template.Thuc-2' display name 'GitHub Actions Runner (thanhthuc-CI_CD_Template.Thuc-2)' will be used for service configuration.
[2023-05-05 10:41:08Z INFO HostContext] Well known directory 'Bin': '/Users/nguyenthanhthuc/CI_CD_Template/RunnerConfig/actions-runner/bin'
[2023-05-05 10:41:08Z INFO HostContext] Well known directory 'Root': '/Users/nguyenthanhthuc/CI_CD_Template/RunnerConfig/actions-runner'
[2023-05-05 10:41:08Z INFO HostContext] Well known directory 'Bin': '/Users/nguyenthanhthuc/CI_CD_Template/RunnerConfig/actions-runner/bin'
[2023-05-05 10:41:08Z INFO HostContext] Well known directory 'Bin': '/Users/nguyenthanhthuc/CI_CD_Template/RunnerConfig/actions-runner/bin'
[2023-05-05 10:41:08Z INFO HostContext] Well known directory 'Root': '/Users/nguyenthanhthuc/CI_CD_Template/RunnerConfig/actions-runner'
[2023-05-05 10:41:08Z INFO UnixUtil] Which: 'chmod'
[2023-05-05 10:41:08Z INFO UnixUtil] Location: '/bin/chmod'
[2023-05-05 10:41:08Z INFO UnixUtil] Running /bin/chmod 755 "/Users/nguyenthanhthuc/CI_CD_Template/RunnerConfig/actions-runner/svc.sh"
[2023-05-05 10:41:09Z INFO ProcessInvokerWrapper] Starting process:
[2023-05-05 10:41:09Z INFO ProcessInvokerWrapper]   File name: '/bin/chmod'
[2023-05-05 10:41:09Z INFO ProcessInvokerWrapper]   Arguments: '755 "/Users/nguyenthanhthuc/CI_CD_Template/RunnerConfig/actions-runner/svc.sh"'
[2023-05-05 10:41:09Z INFO ProcessInvokerWrapper]   Working directory: '/Users/nguyenthanhthuc/CI_CD_Template/RunnerConfig/actions-runner'
[2023-05-05 10:41:09Z INFO ProcessInvokerWrapper]   Require exit code zero: 'True'
[2023-05-05 10:41:09Z INFO ProcessInvokerWrapper]   Encoding web name:  ; code page: ''
[2023-05-05 10:41:09Z INFO ProcessInvokerWrapper]   Force kill process on cancellation: 'False'
[2023-05-05 10:41:09Z INFO ProcessInvokerWrapper]   Redirected STDIN: 'False'
[2023-05-05 10:41:09Z INFO ProcessInvokerWrapper]   Persist current code page: 'False'
[2023-05-05 10:41:09Z INFO ProcessInvokerWrapper]   Keep redirected STDIN open: 'False'
[2023-05-05 10:41:09Z INFO ProcessInvokerWrapper]   High priority process: 'False'
[2023-05-05 10:41:09Z INFO ProcessInvokerWrapper] Process started with process id 34284, waiting for process exit.
[2023-05-05 10:41:09Z INFO ProcessInvokerWrapper] STDOUT/STDERR stream read finished.
[2023-05-05 10:41:09Z INFO ProcessInvokerWrapper] STDOUT/STDERR stream read finished.
[2023-05-05 10:41:09Z INFO ProcessInvokerWrapper] Finished process 34284 with exit code 0, and elapsed time 00:00:00.0172267.
[2023-05-05 10:41:09Z INFO Listener] Runner execution has finished with return code 0
