[2023-05-05 10:41:19Z INFO HostContext] No proxy settings were found based on environmental variables (http_proxy/https_proxy/HTTP_PROXY/HTTPS_PROXY)
[2023-05-05 10:41:19Z INFO HostContext] Well known directory 'Bin': '/Users/nguyenthanhthuc/CI_CD_Template/RunnerConfig/actions-runner/bin'
[2023-05-05 10:41:19Z INFO HostContext] Well known directory 'Root': '/Users/nguyenthanhthuc/CI_CD_Template/RunnerConfig/actions-runner'
[2023-05-05 10:41:19Z INFO HostContext] Well known config file 'Credentials': '/Users/nguyenthanhthuc/CI_CD_Template/RunnerConfig/actions-runner/.credentials'
[2023-05-05 10:41:20Z INFO HostContext] Well known directory 'Bin': '/Users/nguyenthanhthuc/CI_CD_Template/RunnerConfig/actions-runner/bin'
[2023-05-05 10:41:20Z INFO HostContext] Well known directory 'Root': '/Users/nguyenthanhthuc/CI_CD_Template/RunnerConfig/actions-runner'
[2023-05-05 10:41:20Z INFO HostContext] Well known config file 'Runner': '/Users/nguyenthanhthuc/CI_CD_Template/RunnerConfig/actions-runner/.runner'
[2023-05-05 10:41:20Z INFO Listener] Runner is built for OSX (X64) - osx-x64.
[2023-05-05 10:41:20Z INFO Listener] RuntimeInformation: Darwin 22.4.0 Darwin Kernel Version 22.4.0: Mon Mar  6 21:00:17 PST 2023; root:xnu-8796.101.5~3/RELEASE_X86_64.
[2023-05-05 10:41:20Z INFO Listener] Version: 2.304.0
[2023-05-05 10:41:20Z INFO Listener] Commit: 9ef4121b5b31ee5c03b7770288213d741081f747
[2023-05-05 10:41:20Z INFO Listener] Culture: en-VN
[2023-05-05 10:41:20Z INFO Listener] UI Culture: en-VN
[2023-05-05 10:41:20Z INFO HostContext] Well known directory 'Bin': '/Users/nguyenthanhthuc/CI_CD_Template/RunnerConfig/actions-runner/bin'
[2023-05-05 10:41:20Z INFO HostContext] Well known directory 'Root': '/Users/nguyenthanhthuc/CI_CD_Template/RunnerConfig/actions-runner'
[2023-05-05 10:41:20Z INFO Listener] Validating directory permissions for: '/Users/nguyenthanhthuc/CI_CD_Template/RunnerConfig/actions-runner'
[2023-05-05 10:41:20Z INFO CommandLineParser] Parse
[2023-05-05 10:41:20Z INFO CommandLineParser] Parsing 1 args
[2023-05-05 10:41:20Z INFO CommandLineParser] parsing argument
[2023-05-05 10:41:20Z INFO CommandLineParser] HasArgs: False
[2023-05-05 10:41:20Z INFO CommandLineParser] Adding Command: run
[2023-05-05 10:41:20Z INFO Listener] Arguments parsed
[2023-05-05 10:41:20Z INFO Runner] ExecuteCommand
[2023-05-05 10:41:20Z INFO ConfigurationStore] currentAssemblyLocation: /Users/nguyenthanhthuc/CI_CD_Template/RunnerConfig/actions-runner/bin/Runner.Listener.dll
[2023-05-05 10:41:20Z INFO HostContext] Well known directory 'Bin': '/Users/nguyenthanhthuc/CI_CD_Template/RunnerConfig/actions-runner/bin'
[2023-05-05 10:41:20Z INFO ConfigurationStore] binPath: /Users/nguyenthanhthuc/CI_CD_Template/RunnerConfig/actions-runner/bin
[2023-05-05 10:41:20Z INFO HostContext] Well known directory 'Bin': '/Users/nguyenthanhthuc/CI_CD_Template/RunnerConfig/actions-runner/bin'
[2023-05-05 10:41:20Z INFO HostContext] Well known directory 'Root': '/Users/nguyenthanhthuc/CI_CD_Template/RunnerConfig/actions-runner'
[2023-05-05 10:41:20Z INFO ConfigurationStore] RootFolder: /Users/nguyenthanhthuc/CI_CD_Template/RunnerConfig/actions-runner
[2023-05-05 10:41:20Z INFO HostContext] Well known directory 'Bin': '/Users/nguyenthanhthuc/CI_CD_Template/RunnerConfig/actions-runner/bin'
[2023-05-05 10:41:20Z INFO HostContext] Well known directory 'Root': '/Users/nguyenthanhthuc/CI_CD_Template/RunnerConfig/actions-runner'
[2023-05-05 10:41:20Z INFO HostContext] Well known config file 'Runner': '/Users/nguyenthanhthuc/CI_CD_Template/RunnerConfig/actions-runner/.runner'
[2023-05-05 10:41:20Z INFO ConfigurationStore] ConfigFilePath: /Users/nguyenthanhthuc/CI_CD_Template/RunnerConfig/actions-runner/.runner
[2023-05-05 10:41:20Z INFO HostContext] Well known directory 'Bin': '/Users/nguyenthanhthuc/CI_CD_Template/RunnerConfig/actions-runner/bin'
[2023-05-05 10:41:20Z INFO HostContext] Well known directory 'Root': '/Users/nguyenthanhthuc/CI_CD_Template/RunnerConfig/actions-runner'
[2023-05-05 10:41:20Z INFO HostContext] Well known config file 'Credentials': '/Users/nguyenthanhthuc/CI_CD_Template/RunnerConfig/actions-runner/.credentials'
[2023-05-05 10:41:20Z INFO ConfigurationStore] CredFilePath: /Users/nguyenthanhthuc/CI_CD_Template/RunnerConfig/actions-runner/.credentials
[2023-05-05 10:41:20Z INFO HostContext] Well known directory 'Bin': '/Users/nguyenthanhthuc/CI_CD_Template/RunnerConfig/actions-runner/bin'
[2023-05-05 10:41:20Z INFO HostContext] Well known directory 'Root': '/Users/nguyenthanhthuc/CI_CD_Template/RunnerConfig/actions-runner'
[2023-05-05 10:41:20Z INFO HostContext] Well known config file 'MigratedCredentials': '/Users/nguyenthanhthuc/CI_CD_Template/RunnerConfig/actions-runner/.credentials_migrated'
[2023-05-05 10:41:20Z INFO ConfigurationStore] MigratedCredFilePath: /Users/nguyenthanhthuc/CI_CD_Template/RunnerConfig/actions-runner/.credentials_migrated
[2023-05-05 10:41:20Z INFO HostContext] Well known directory 'Bin': '/Users/nguyenthanhthuc/CI_CD_Template/RunnerConfig/actions-runner/bin'
[2023-05-05 10:41:20Z INFO HostContext] Well known directory 'Root': '/Users/nguyenthanhthuc/CI_CD_Template/RunnerConfig/actions-runner'
[2023-05-05 10:41:20Z INFO HostContext] Well known config file 'Service': '/Users/nguyenthanhthuc/CI_CD_Template/RunnerConfig/actions-runner/.service'
[2023-05-05 10:41:20Z INFO ConfigurationStore] ServiceConfigFilePath: /Users/nguyenthanhthuc/CI_CD_Template/RunnerConfig/actions-runner/.service
[2023-05-05 10:41:20Z INFO CommandSettings] Flag 'help': 'False'
[2023-05-05 10:41:20Z INFO CommandSettings] Flag 'version': 'False'
[2023-05-05 10:41:20Z INFO CommandSettings] Flag 'commit': 'False'
[2023-05-05 10:41:20Z INFO CommandSettings] Flag 'check': 'False'
[2023-05-05 10:41:20Z INFO CommandSettings] Command 'configure': 'False'
[2023-05-05 10:41:20Z INFO CommandSettings] Command 'remove': 'False'
[2023-05-05 10:41:20Z INFO CommandSettings] Command 'warmup': 'False'
[2023-05-05 10:41:20Z INFO ConfigurationManager] LoadSettings
[2023-05-05 10:41:20Z INFO ConfigurationStore] IsConfigured()
[2023-05-05 10:41:20Z INFO ConfigurationStore] IsConfigured: True
[2023-05-05 10:41:20Z INFO ConfigurationManager] Is configured: True
[2023-05-05 10:41:20Z INFO ConfigurationStore] Read setting file: 288 chars
[2023-05-05 10:41:20Z INFO ConfigurationManager] Settings Loaded
[2023-05-05 10:41:20Z INFO ConfigurationStore] IsServiceConfigured()
[2023-05-05 10:41:20Z INFO ConfigurationStore] IsServiceConfigured: False
[2023-05-05 10:41:20Z INFO CommandSettings] Command 'run': 'True'
[2023-05-05 10:41:20Z INFO ConfigurationStore] IsConfigured()
[2023-05-05 10:41:20Z INFO ConfigurationStore] IsConfigured: True
[2023-05-05 10:41:20Z INFO ConfigurationManager] Is configured: True
[2023-05-05 10:41:20Z INFO Runner] Could not parse the argument value '' for StartupType. Defaulting to Manual
[2023-05-05 10:41:20Z INFO Runner] Set runner startup type - Manual
[2023-05-05 10:41:20Z INFO CommandSettings] Flag 'once': 'False'
[2023-05-05 10:41:20Z INFO CommandSettings] Flag 'once': 'False'
[2023-05-05 10:41:20Z INFO Runner] RunAsync
[2023-05-05 10:41:20Z INFO ConfigurationManager] LoadSettings
[2023-05-05 10:41:20Z INFO ConfigurationStore] IsConfigured()
[2023-05-05 10:41:20Z INFO ConfigurationStore] IsConfigured: True
[2023-05-05 10:41:20Z INFO ConfigurationManager] Is configured: True
[2023-05-05 10:41:20Z INFO ConfigurationManager] Settings Loaded
[2023-05-05 10:41:20Z INFO MessageListener] {
  "AgentId": 22,
  "AgentName": "Thuc-2",
  "PoolId": 1,
  "PoolName": "Default",
  "ServerUrl": "https://pipelines.actions.githubusercontent.com/CwLs6e2H7J4S2AyKGSatBtfHfF3rVb0BLpLeS0BwxN8irbdPoy",
  "GitHubUrl": "https://github.com/thanhthuc/CI_CD_Template",
  "WorkFolder": "_work"
}
[2023-05-05 10:41:20Z INFO MessageListener] Loading Credentials
[2023-05-05 10:41:20Z INFO ConfigurationStore] HasCredentials()
[2023-05-05 10:41:20Z INFO ConfigurationStore] stored True
[2023-05-05 10:41:20Z INFO CredentialManager] GetCredentialProvider
[2023-05-05 10:41:20Z INFO CredentialManager] Creating type OAuth
[2023-05-05 10:41:20Z INFO CredentialManager] Creating credential type: OAuth
[2023-05-05 10:41:20Z INFO HostContext] Well known directory 'Bin': '/Users/nguyenthanhthuc/CI_CD_Template/RunnerConfig/actions-runner/bin'
[2023-05-05 10:41:20Z INFO HostContext] Well known directory 'Root': '/Users/nguyenthanhthuc/CI_CD_Template/RunnerConfig/actions-runner'
[2023-05-05 10:41:20Z INFO HostContext] Well known config file 'RSACredentials': '/Users/nguyenthanhthuc/CI_CD_Template/RunnerConfig/actions-runner/.credentials_rsaparams'
[2023-05-05 10:41:20Z INFO RSAFileKeyManager] Loading RSA key parameters from file /Users/nguyenthanhthuc/CI_CD_Template/RunnerConfig/actions-runner/.credentials_rsaparams
[2023-05-05 10:41:20Z INFO MessageListener] Attempt to create session.
[2023-05-05 10:41:20Z INFO MessageListener] Connecting to the Runner Server...
[2023-05-05 10:41:20Z INFO RunnerServer] EstablishVssConnection
[2023-05-05 10:41:20Z INFO RunnerServer] Establish connection with 100 seconds timeout.
[2023-05-05 10:41:20Z INFO GitHubActionsService] Starting operation Location.GetConnectionData
[2023-05-05 10:41:20Z INFO RunnerServer] EstablishVssConnection
[2023-05-05 10:41:20Z INFO RunnerServer] Establish connection with 60 seconds timeout.
[2023-05-05 10:41:20Z INFO GitHubActionsService] Starting operation Location.GetConnectionData
[2023-05-05 10:41:20Z INFO RunnerServer] EstablishVssConnection
[2023-05-05 10:41:20Z INFO RunnerServer] Establish connection with 60 seconds timeout.
[2023-05-05 10:41:20Z INFO GitHubActionsService] Starting operation Location.GetConnectionData
[2023-05-05 10:41:21Z INFO GitHubActionsService] Finished operation Location.GetConnectionData
[2023-05-05 10:41:21Z INFO GitHubActionsService] Finished operation Location.GetConnectionData
[2023-05-05 10:41:21Z INFO GitHubActionsService] Finished operation Location.GetConnectionData
[2023-05-05 10:41:21Z INFO MessageListener] VssConnection created
[2023-05-05 10:41:21Z INFO Terminal] WRITE LINE: 
[2023-05-05 10:41:21Z INFO Terminal] WRITE LINE: 
[2023-05-05 10:41:22Z INFO RSAFileKeyManager] Loading RSA key parameters from file /Users/nguyenthanhthuc/CI_CD_Template/RunnerConfig/actions-runner/.credentials_rsaparams
[2023-05-05 10:41:22Z INFO RSAFileKeyManager] Loading RSA key parameters from file /Users/nguyenthanhthuc/CI_CD_Template/RunnerConfig/actions-runner/.credentials_rsaparams
[2023-05-05 10:41:24Z INFO GitHubActionsService] AAD Correlation ID for this token request: Unknown
[2023-05-05 10:41:24Z INFO MessageListener] Session created.
[2023-05-05 10:41:24Z INFO Terminal] WRITE LINE: Current runner version: '2.304.0'
[2023-05-05 10:41:24Z INFO Terminal] WRITE LINE: 2023-05-05 10:41:24Z: Listening for Jobs
[2023-05-05 10:41:24Z INFO JobDispatcher] Set runner/worker IPC timeout to 30 seconds.
[2023-05-05 10:41:46Z INFO RSAFileKeyManager] Loading RSA key parameters from file /Users/nguyenthanhthuc/CI_CD_Template/RunnerConfig/actions-runner/.credentials_rsaparams
[2023-05-05 10:41:46Z INFO MessageListener] Message '1' received from session 'f8d1d877-f6f9-4835-974e-79779b1946ad'.
[2023-05-05 10:41:46Z INFO Runner] Received job message of length 23617 from service, with hash 'f7c2735b076942a67df0a717e0390524dfd7d611b56ab3b9a9fde04c7b1637a9'
[2023-05-05 10:41:47Z INFO JobDispatcher] Job request 117 for plan 5926391b-dfd1-44b9-9725-3c9a2e3b5db9 job 58a9a686-875a-590a-6a16-8441e0ca4868 received.
[2023-05-05 10:41:47Z INFO JobDispatcher] Pull OrchestrationId 5926391b-dfd1-44b9-9725-3c9a2e3b5db9.test.platform_ios_simulator_os_16_2_name_iphone_11 from JWT claims
[2023-05-05 10:41:47Z INFO Terminal] WRITE LINE: 2023-05-05 10:41:47Z: Running job: Test (platform=iOS Simulator,OS=16.2,name=iPhone 11)
[2023-05-05 10:41:47Z INFO JobDispatcher] Start renew job request 117 for job 58a9a686-875a-590a-6a16-8441e0ca4868.
[2023-05-05 10:41:47Z INFO JobDispatcher] Successfully renew job request 117, job is valid till 05/05/2023 10:51:47
[2023-05-05 10:41:47Z INFO HostContext] Well known directory 'Bin': '/Users/nguyenthanhthuc/CI_CD_Template/RunnerConfig/actions-runner/bin'
[2023-05-05 10:41:47Z INFO ProcessInvokerWrapper] Starting process:
[2023-05-05 10:41:47Z INFO ProcessInvokerWrapper]   File name: '/Users/nguyenthanhthuc/CI_CD_Template/RunnerConfig/actions-runner/bin/Runner.Worker'
[2023-05-05 10:41:47Z INFO ProcessInvokerWrapper]   Arguments: 'spawnclient 106 109'
[2023-05-05 10:41:47Z INFO ProcessInvokerWrapper]   Working directory: '/Users/nguyenthanhthuc/CI_CD_Template/RunnerConfig/actions-runner/bin'
[2023-05-05 10:41:47Z INFO ProcessInvokerWrapper]   Require exit code zero: 'False'
[2023-05-05 10:41:47Z INFO ProcessInvokerWrapper]   Encoding web name:  ; code page: ''
[2023-05-05 10:41:47Z INFO ProcessInvokerWrapper]   Force kill process on cancellation: 'True'
[2023-05-05 10:41:47Z INFO ProcessInvokerWrapper]   Redirected STDIN: 'False'
[2023-05-05 10:41:47Z INFO ProcessInvokerWrapper]   Persist current code page: 'False'
[2023-05-05 10:41:47Z INFO ProcessInvokerWrapper]   Keep redirected STDIN open: 'False'
[2023-05-05 10:41:47Z INFO ProcessInvokerWrapper]   High priority process: 'True'
[2023-05-05 10:41:47Z INFO ProcessInvokerWrapper] Process started with process id 37427, waiting for process exit.
[2023-05-05 10:41:47Z INFO JobDispatcher] Send job request message to worker for job 58a9a686-875a-590a-6a16-8441e0ca4868.
[2023-05-05 10:41:47Z INFO ProcessChannel] Sending message of length 23617, with hash 'f7c2735b076942a67df0a717e0390524dfd7d611b56ab3b9a9fde04c7b1637a9'
[2023-05-05 10:41:47Z INFO JobNotification] Entering JobStarted Notification
[2023-05-05 10:41:47Z INFO JobNotification] Entering StartMonitor
[2023-05-05 10:42:46Z INFO ProcessInvokerWrapper] STDOUT/STDERR stream read finished.
[2023-05-05 10:42:46Z INFO ProcessInvokerWrapper] STDOUT/STDERR stream read finished.
[2023-05-05 10:42:46Z INFO ProcessInvokerWrapper] Finished process 37427 with exit code 102, and elapsed time 00:00:59.3048590.
[2023-05-05 10:42:46Z INFO JobDispatcher] Worker finished for job 58a9a686-875a-590a-6a16-8441e0ca4868. Code: 102
[2023-05-05 10:42:46Z INFO JobDispatcher] finish job request for job 58a9a686-875a-590a-6a16-8441e0ca4868 with result: Failed
[2023-05-05 10:42:46Z INFO Terminal] WRITE LINE: 2023-05-05 10:42:46Z: Job Test (platform=iOS Simulator,OS=16.2,name=iPhone 11) completed with result: Failed
[2023-05-05 10:42:46Z INFO JobDispatcher] Stop renew job request for job 58a9a686-875a-590a-6a16-8441e0ca4868.
[2023-05-05 10:42:46Z INFO JobDispatcher] job renew has been cancelled, stop renew job request 117.
[2023-05-05 10:42:46Z INFO JobNotification] Entering JobCompleted Notification
[2023-05-05 10:42:46Z INFO JobNotification] Entering EndMonitor
[2023-05-05 10:46:34Z INFO RSAFileKeyManager] Loading RSA key parameters from file /Users/nguyenthanhthuc/CI_CD_Template/RunnerConfig/actions-runner/.credentials_rsaparams
[2023-05-05 10:46:34Z INFO MessageListener] Message '2' received from session 'f8d1d877-f6f9-4835-974e-79779b1946ad'.
[2023-05-05 10:46:34Z INFO Runner] Received job message of length 23663 from service, with hash 'aca499ccdf1bea72c108f31639dfb706c8d9a2241b116fc1dcfa44f1a50b2f4b'
[2023-05-05 10:46:34Z INFO JobDispatcher] Job request 118 for plan 3e71197c-e154-4a50-a853-87e58090ff5f job a78462f9-f8ce-5e75-0a84-8e6f81d973ce received.
[2023-05-05 10:46:34Z INFO JobDispatcher] Pull OrchestrationId 3e71197c-e154-4a50-a853-87e58090ff5f.test.platform_ios_simulator_os_16_2_name_iphone_14_pro from JWT claims
[2023-05-05 10:46:34Z INFO JobDispatcher] Job request 58a9a686-875a-590a-6a16-8441e0ca4868 processed succeed.
[2023-05-05 10:46:34Z INFO Terminal] WRITE LINE: 2023-05-05 10:46:34Z: Running job: Test (platform=iOS Simulator,OS=16.2,name=iPhone 14 Pro)
[2023-05-05 10:46:34Z INFO JobDispatcher] Start renew job request 118 for job a78462f9-f8ce-5e75-0a84-8e6f81d973ce.
[2023-05-05 10:46:36Z INFO JobDispatcher] Successfully renew job request 118, job is valid till 05/05/2023 10:56:35
[2023-05-05 10:46:36Z INFO HostContext] Well known directory 'Bin': '/Users/nguyenthanhthuc/CI_CD_Template/RunnerConfig/actions-runner/bin'
[2023-05-05 10:46:36Z INFO ProcessInvokerWrapper] Starting process:
[2023-05-05 10:46:36Z INFO ProcessInvokerWrapper]   File name: '/Users/nguyenthanhthuc/CI_CD_Template/RunnerConfig/actions-runner/bin/Runner.Worker'
[2023-05-05 10:46:36Z INFO ProcessInvokerWrapper]   Arguments: 'spawnclient 101 114'
[2023-05-05 10:46:36Z INFO ProcessInvokerWrapper]   Working directory: '/Users/nguyenthanhthuc/CI_CD_Template/RunnerConfig/actions-runner/bin'
[2023-05-05 10:46:36Z INFO ProcessInvokerWrapper]   Require exit code zero: 'False'
[2023-05-05 10:46:36Z INFO ProcessInvokerWrapper]   Encoding web name:  ; code page: ''
[2023-05-05 10:46:36Z INFO ProcessInvokerWrapper]   Force kill process on cancellation: 'True'
[2023-05-05 10:46:36Z INFO ProcessInvokerWrapper]   Redirected STDIN: 'False'
[2023-05-05 10:46:36Z INFO ProcessInvokerWrapper]   Persist current code page: 'False'
[2023-05-05 10:46:36Z INFO ProcessInvokerWrapper]   Keep redirected STDIN open: 'False'
[2023-05-05 10:46:36Z INFO ProcessInvokerWrapper]   High priority process: 'True'
[2023-05-05 10:46:36Z INFO ProcessInvokerWrapper] Process started with process id 61102, waiting for process exit.
[2023-05-05 10:46:36Z INFO JobDispatcher] Send job request message to worker for job a78462f9-f8ce-5e75-0a84-8e6f81d973ce.
[2023-05-05 10:46:36Z INFO ProcessChannel] Sending message of length 23663, with hash 'aca499ccdf1bea72c108f31639dfb706c8d9a2241b116fc1dcfa44f1a50b2f4b'
[2023-05-05 10:46:36Z INFO JobNotification] Entering JobStarted Notification
[2023-05-05 10:46:36Z INFO JobNotification] Entering StartMonitor
[2023-05-05 10:47:36Z INFO JobDispatcher] Successfully renew job request 118, job is valid till 05/05/2023 10:57:36
[2023-05-05 10:48:37Z INFO JobDispatcher] Successfully renew job request 118, job is valid till 05/05/2023 10:58:36
[2023-05-05 10:49:37Z INFO JobDispatcher] Successfully renew job request 118, job is valid till 05/05/2023 10:59:37
[2023-05-05 10:50:28Z INFO ProcessInvokerWrapper] STDOUT/STDERR stream read finished.
[2023-05-05 10:50:28Z INFO ProcessInvokerWrapper] STDOUT/STDERR stream read finished.
[2023-05-05 10:50:28Z INFO ProcessInvokerWrapper] Finished process 61102 with exit code 100, and elapsed time 00:03:52.0984070.
[2023-05-05 10:50:28Z INFO JobDispatcher] Worker finished for job a78462f9-f8ce-5e75-0a84-8e6f81d973ce. Code: 100
[2023-05-05 10:50:28Z INFO JobDispatcher] finish job request for job a78462f9-f8ce-5e75-0a84-8e6f81d973ce with result: Succeeded
[2023-05-05 10:50:28Z INFO Terminal] WRITE LINE: 2023-05-05 10:50:28Z: Job Test (platform=iOS Simulator,OS=16.2,name=iPhone 14 Pro) completed with result: Succeeded
[2023-05-05 10:50:28Z INFO JobDispatcher] Stop renew job request for job a78462f9-f8ce-5e75-0a84-8e6f81d973ce.
[2023-05-05 10:50:28Z INFO JobDispatcher] job renew has been cancelled, stop renew job request 118.
[2023-05-05 10:50:28Z INFO JobNotification] Entering JobCompleted Notification
[2023-05-05 10:50:28Z INFO JobNotification] Entering EndMonitor
