[2023-05-05 10:37:36Z INFO HostContext] No proxy settings were found based on environmental variables (http_proxy/https_proxy/HTTP_PROXY/HTTPS_PROXY)
[2023-05-05 10:37:36Z INFO HostContext] Well known directory 'Bin': '/Users/nguyenthanhthuc/CI_CD_Template/RunnerConfig/actions-runner/bin'
[2023-05-05 10:37:36Z INFO HostContext] Well known directory 'Root': '/Users/nguyenthanhthuc/CI_CD_Template/RunnerConfig/actions-runner'
[2023-05-05 10:37:36Z INFO HostContext] Well known config file 'Credentials': '/Users/nguyenthanhthuc/CI_CD_Template/RunnerConfig/actions-runner/.credentials'
[2023-05-05 10:37:36Z INFO HostContext] Well known directory 'Bin': '/Users/nguyenthanhthuc/CI_CD_Template/RunnerConfig/actions-runner/bin'
[2023-05-05 10:37:36Z INFO HostContext] Well known directory 'Root': '/Users/nguyenthanhthuc/CI_CD_Template/RunnerConfig/actions-runner'
[2023-05-05 10:37:36Z INFO HostContext] Well known config file 'Runner': '/Users/nguyenthanhthuc/CI_CD_Template/RunnerConfig/actions-runner/.runner'
[2023-05-05 10:37:36Z INFO Listener] Runner is built for OSX (X64) - osx-x64.
[2023-05-05 10:37:36Z INFO Listener] RuntimeInformation: Darwin 22.4.0 Darwin Kernel Version 22.4.0: Mon Mar  6 21:00:17 PST 2023; root:xnu-8796.101.5~3/RELEASE_X86_64.
[2023-05-05 10:37:36Z INFO Listener] Version: 2.304.0
[2023-05-05 10:37:36Z INFO Listener] Commit: 9ef4121b5b31ee5c03b7770288213d741081f747
[2023-05-05 10:37:36Z INFO Listener] Culture: en-VN
[2023-05-05 10:37:36Z INFO Listener] UI Culture: en-VN
[2023-05-05 10:37:36Z INFO HostContext] Well known directory 'Bin': '/Users/nguyenthanhthuc/CI_CD_Template/RunnerConfig/actions-runner/bin'
[2023-05-05 10:37:36Z INFO HostContext] Well known directory 'Root': '/Users/nguyenthanhthuc/CI_CD_Template/RunnerConfig/actions-runner'
[2023-05-05 10:37:36Z INFO Listener] Validating directory permissions for: '/Users/nguyenthanhthuc/CI_CD_Template/RunnerConfig/actions-runner'
[2023-05-05 10:37:36Z INFO CommandLineParser] Parse
[2023-05-05 10:37:36Z INFO CommandLineParser] Parsing 1 args
[2023-05-05 10:37:36Z INFO CommandLineParser] parsing argument
[2023-05-05 10:37:36Z INFO CommandLineParser] HasArgs: False
[2023-05-05 10:37:36Z INFO CommandLineParser] Adding Command: run
[2023-05-05 10:37:36Z INFO Listener] Arguments parsed
[2023-05-05 10:37:37Z INFO Runner] ExecuteCommand
[2023-05-05 10:37:37Z INFO ConfigurationStore] currentAssemblyLocation: /Users/nguyenthanhthuc/CI_CD_Template/RunnerConfig/actions-runner/bin/Runner.Listener.dll
[2023-05-05 10:37:37Z INFO HostContext] Well known directory 'Bin': '/Users/nguyenthanhthuc/CI_CD_Template/RunnerConfig/actions-runner/bin'
[2023-05-05 10:37:37Z INFO ConfigurationStore] binPath: /Users/nguyenthanhthuc/CI_CD_Template/RunnerConfig/actions-runner/bin
[2023-05-05 10:37:37Z INFO HostContext] Well known directory 'Bin': '/Users/nguyenthanhthuc/CI_CD_Template/RunnerConfig/actions-runner/bin'
[2023-05-05 10:37:37Z INFO HostContext] Well known directory 'Root': '/Users/nguyenthanhthuc/CI_CD_Template/RunnerConfig/actions-runner'
[2023-05-05 10:37:37Z INFO ConfigurationStore] RootFolder: /Users/nguyenthanhthuc/CI_CD_Template/RunnerConfig/actions-runner
[2023-05-05 10:37:37Z INFO HostContext] Well known directory 'Bin': '/Users/nguyenthanhthuc/CI_CD_Template/RunnerConfig/actions-runner/bin'
[2023-05-05 10:37:37Z INFO HostContext] Well known directory 'Root': '/Users/nguyenthanhthuc/CI_CD_Template/RunnerConfig/actions-runner'
[2023-05-05 10:37:37Z INFO HostContext] Well known config file 'Runner': '/Users/nguyenthanhthuc/CI_CD_Template/RunnerConfig/actions-runner/.runner'
[2023-05-05 10:37:37Z INFO ConfigurationStore] ConfigFilePath: /Users/nguyenthanhthuc/CI_CD_Template/RunnerConfig/actions-runner/.runner
[2023-05-05 10:37:37Z INFO HostContext] Well known directory 'Bin': '/Users/nguyenthanhthuc/CI_CD_Template/RunnerConfig/actions-runner/bin'
[2023-05-05 10:37:37Z INFO HostContext] Well known directory 'Root': '/Users/nguyenthanhthuc/CI_CD_Template/RunnerConfig/actions-runner'
[2023-05-05 10:37:37Z INFO HostContext] Well known config file 'Credentials': '/Users/nguyenthanhthuc/CI_CD_Template/RunnerConfig/actions-runner/.credentials'
[2023-05-05 10:37:37Z INFO ConfigurationStore] CredFilePath: /Users/nguyenthanhthuc/CI_CD_Template/RunnerConfig/actions-runner/.credentials
[2023-05-05 10:37:37Z INFO HostContext] Well known directory 'Bin': '/Users/nguyenthanhthuc/CI_CD_Template/RunnerConfig/actions-runner/bin'
[2023-05-05 10:37:37Z INFO HostContext] Well known directory 'Root': '/Users/nguyenthanhthuc/CI_CD_Template/RunnerConfig/actions-runner'
[2023-05-05 10:37:37Z INFO HostContext] Well known config file 'MigratedCredentials': '/Users/nguyenthanhthuc/CI_CD_Template/RunnerConfig/actions-runner/.credentials_migrated'
[2023-05-05 10:37:37Z INFO ConfigurationStore] MigratedCredFilePath: /Users/nguyenthanhthuc/CI_CD_Template/RunnerConfig/actions-runner/.credentials_migrated
[2023-05-05 10:37:37Z INFO HostContext] Well known directory 'Bin': '/Users/nguyenthanhthuc/CI_CD_Template/RunnerConfig/actions-runner/bin'
[2023-05-05 10:37:37Z INFO HostContext] Well known directory 'Root': '/Users/nguyenthanhthuc/CI_CD_Template/RunnerConfig/actions-runner'
[2023-05-05 10:37:37Z INFO HostContext] Well known config file 'Service': '/Users/nguyenthanhthuc/CI_CD_Template/RunnerConfig/actions-runner/.service'
[2023-05-05 10:37:37Z INFO ConfigurationStore] ServiceConfigFilePath: /Users/nguyenthanhthuc/CI_CD_Template/RunnerConfig/actions-runner/.service
[2023-05-05 10:37:37Z INFO CommandSettings] Flag 'help': 'False'
[2023-05-05 10:37:37Z INFO CommandSettings] Flag 'version': 'False'
[2023-05-05 10:37:37Z INFO CommandSettings] Flag 'commit': 'False'
[2023-05-05 10:37:37Z INFO CommandSettings] Flag 'check': 'False'
[2023-05-05 10:37:37Z INFO CommandSettings] Command 'configure': 'False'
[2023-05-05 10:37:37Z INFO CommandSettings] Command 'remove': 'False'
[2023-05-05 10:37:37Z INFO CommandSettings] Command 'warmup': 'False'
[2023-05-05 10:37:37Z INFO ConfigurationManager] LoadSettings
[2023-05-05 10:37:37Z INFO ConfigurationStore] IsConfigured()
[2023-05-05 10:37:37Z INFO ConfigurationStore] IsConfigured: False
[2023-05-05 10:37:37Z INFO ConfigurationManager] Is configured: False
[2023-05-05 10:37:37Z ERR  Terminal] WRITE ERROR: An error occurred: Not configured. Run config.(sh/cmd) to configure the runner.
[2023-05-05 10:37:37Z ERR  Listener] GitHub.Runner.Common.NonRetryableException: Not configured. Run config.(sh/cmd) to configure the runner.
   at GitHub.Runner.Listener.Configuration.ConfigurationManager.LoadSettings()
   at GitHub.Runner.Listener.Runner.ExecuteCommand(CommandSettings command)
   at GitHub.Runner.Listener.Program.MainAsync(IHostContext context, String[] args)
